Determining if the pthread_create exist failed with the following output:
Change Dir: /home/szz/navigation_ws/build/CMakeFiles/CMakeTmp

Run Build Command:"/usr/bin/make" "cmTC_1ca1b/fast"
/usr/bin/make -f CMakeFiles/cmTC_1ca1b.dir/build.make CMakeFiles/cmTC_1ca1b.dir/build
make[1]: Entering directory '/home/szz/navigation_ws/build/CMakeFiles/CMakeTmp'
Building C object CMakeFiles/cmTC_1ca1b.dir/CheckSymbolExists.c.o
/usr/bin/cc     -o CMakeFiles/cmTC_1ca1b.dir/CheckSymbolExists.c.o   -c /home/szz/navigation_ws/build/CMakeFiles/CMakeTmp/CheckSymbolExists.c
Linking C executable cmTC_1ca1b
/usr/bin/cmake -E cmake_link_script CMakeFiles/cmTC_1ca1b.dir/link.txt --verbose=1
/usr/bin/cc       CMakeFiles/cmTC_1ca1b.dir/CheckSymbolExists.c.o  -o cmTC_1ca1b -rdynamic 
CMakeFiles/cmTC_1ca1b.dir/CheckSymbolExists.c.o: In function `main':
CheckSymbolExists.c:(.text+0x16): undefined reference to `pthread_create'
collect2: error: ld returned 1 exit status
CMakeFiles/cmTC_1ca1b.dir/build.make:97: recipe for target 'cmTC_1ca1b' failed
make[1]: *** [cmTC_1ca1b] Error 1
make[1]: Leaving directory '/home/szz/navigation_ws/build/CMakeFiles/CMakeTmp'
Makefile:126: recipe for target 'cmTC_1ca1b/fast' failed
make: *** [cmTC_1ca1b/fast] Error 2

File /home/szz/navigation_ws/build/CMakeFiles/CMakeTmp/CheckSymbolExists.c:
/* */
#include <pthread.h>

int main(int argc, char** argv)
{
  (void)argv;
#ifndef pthread_create
  return ((int*)(&pthread_create))[argc];
#else
  (void)argc;
  return 0;
#endif
}

Determining if the function pthread_create exists in the pthreads failed with the following output:
Change Dir: /home/szz/navigation_ws/build/CMakeFiles/CMakeTmp

Run Build Command:"/usr/bin/make" "cmTC_735a3/fast"
/usr/bin/make -f CMakeFiles/cmTC_735a3.dir/build.make CMakeFiles/cmTC_735a3.dir/build
make[1]: Entering directory '/home/szz/navigation_ws/build/CMakeFiles/CMakeTmp'
Building C object CMakeFiles/cmTC_735a3.dir/CheckFunctionExists.c.o
/usr/bin/cc    -DCHECK_FUNCTION_EXISTS=pthread_create   -o CMakeFiles/cmTC_735a3.dir/CheckFunctionExists.c.o   -c /usr/share/cmake-3.5/Modules/CheckFunctionExists.c
Linking C executable cmTC_735a3
/usr/bin/cmake -E cmake_link_script CMakeFiles/cmTC_735a3.dir/link.txt --verbose=1
/usr/bin/cc   -DCHECK_FUNCTION_EXISTS=pthread_create    CMakeFiles/cmTC_735a3.dir/CheckFunctionExists.c.o  -o cmTC_735a3 -rdynamic -lpthreads 
/usr/bin/ld: cannot find -lpthreads
collect2: error: ld returned 1 exit status
CMakeFiles/cmTC_735a3.dir/build.make:97: recipe for target 'cmTC_735a3' failed
make[1]: *** [cmTC_735a3] Error 1
make[1]: Leaving directory '/home/szz/navigation_ws/build/CMakeFiles/CMakeTmp'
Makefile:126: recipe for target 'cmTC_735a3/fast' failed
make: *** [cmTC_735a3/fast] Error 2


Determining if the include file pgm.h exists failed with the following output:
Change Dir: /home/szz/navigation_ws/build/CMakeFiles/CMakeTmp

Run Build Command:"/usr/bin/make" "cmTC_b3908/fast"
/usr/bin/make -f CMakeFiles/cmTC_b3908.dir/build.make CMakeFiles/cmTC_b3908.dir/build
make[1]: Entering directory '/home/szz/navigation_ws/build/CMakeFiles/CMakeTmp'
Building CXX object CMakeFiles/cmTC_b3908.dir/CheckIncludeFile.cxx.o
/usr/bin/c++      -o CMakeFiles/cmTC_b3908.dir/CheckIncludeFile.cxx.o -c /home/szz/navigation_ws/build/CMakeFiles/CMakeTmp/CheckIncludeFile.cxx
/home/szz/navigation_ws/build/CMakeFiles/CMakeTmp/CheckIncludeFile.cxx:1:17: fatal error: pgm.h: No such file or directory
compilation terminated.
CMakeFiles/cmTC_b3908.dir/build.make:65: recipe for target 'CMakeFiles/cmTC_b3908.dir/CheckIncludeFile.cxx.o' failed
make[1]: *** [CMakeFiles/cmTC_b3908.dir/CheckIncludeFile.cxx.o] Error 1
make[1]: Leaving directory '/home/szz/navigation_ws/build/CMakeFiles/CMakeTmp'
Makefile:126: recipe for target 'cmTC_b3908/fast' failed
make: *** [cmTC_b3908/fast] Error 2


